<?xml version="1.0" encoding="UTF-8"?>
<testng-results ignored="0" total="1" passed="1" failed="0" skipped="0">
  <reporter-output>
  </reporter-output>
  <suite started-at="2019-08-08T20:37:04Z" name="Default suite" finished-at="2019-08-08T20:37:09Z" duration-ms="5518">
    <groups>
      <group name="NewCustomer">
        <method signature="SignOnTest.ShowSignOnPage()[pri:0, instance:TestCases.SignOnTest@510f3d34]" name="ShowSignOnPage" class="TestCases.SignOnTest"/>
      </group> <!-- NewCustomer -->
    </groups>
    <test started-at="2019-08-08T20:37:04Z" name="Default test" finished-at="2019-08-08T20:37:09Z" duration-ms="5518">
      <class name="TestCases.SignOnTest">
        <test-method is-config="true" signature="executeBeforeTest()[pri:0, instance:TestCases.SignOnTest@510f3d34]" started-at="2019-08-08T20:37:04Z" name="executeBeforeTest" finished-at="2019-08-08T20:37:09Z" duration-ms="4979" status="PASS">
          <reporter-output>
          </reporter-output>
        </test-method> <!-- executeBeforeTest -->
        <test-method signature="ShowSignOnPage()[pri:0, instance:TestCases.SignOnTest@510f3d34]" started-at="2019-08-08T20:37:09Z" name="ShowSignOnPage" finished-at="2019-08-08T20:37:09Z" duration-ms="510" status="PASS">
          <reporter-output>
          </reporter-output>
        </test-method> <!-- ShowSignOnPage -->
        <test-method is-config="true" signature="executeAfterTest()[pri:0, instance:TestCases.SignOnTest@510f3d34]" started-at="2019-08-08T20:37:09Z" name="executeAfterTest" finished-at="2019-08-08T20:37:09Z" duration-ms="1" status="PASS">
          <reporter-output>
          </reporter-output>
        </test-method> <!-- executeAfterTest -->
      </class> <!-- TestCases.SignOnTest -->
    </test> <!-- Default test -->
  </suite> <!-- Default suite -->
</testng-results>
